<?xml version="1.0" encoding="UTF-8"?>
<!-- Generated by org.testng.reporters.JUnitReportReporter -->
<testsuite skipped="0" hostname="DESKTOP-GKA213I" name="com.index.SignUpIndex" tests="3" failures="0" timestamp="29 May 2022 11:55:08 GMT" time="183.879" errors="0">
  <testcase name="SucessfullySignUp" time="73.853" classname="com.index.SignUpIndex"/>
  <testcase name="InvalidEmail" time="84.869" classname="com.index.SignUpIndex"/>
  <testcase name="EmailExist" time="25.157" classname="com.index.SignUpIndex"/>
</testsuite> <!-- com.index.SignUpIndex -->
