<?xml version="1.0" encoding="UTF-8"?>
<!-- Generated by org.testng.reporters.JUnitReportReporter -->
<testsuite hostname="DESKTOP-GKA213I" name="com.index.SignUpIndex" tests="3" failures="0" timestamp="7 May 2022 05:52:30 GMT" time="239.367" errors="0">
  <testcase name="InvalidEmail" time="42.893" classname="com.index.SignUpIndex"/>
  <testcase name="EmailExist" time="67.387" classname="com.index.SignUpIndex"/>
  <testcase name="SucessfullySignUp" time="129.087" classname="com.index.SignUpIndex"/>
</testsuite> <!-- com.index.SignUpIndex -->
