<?xml version="1.0" encoding="UTF-8"?>
<!-- Generated by org.testng.reporters.JUnitReportReporter -->
<testsuite hostname="DESKTOP-GKA213I" name="com.index.SignUpIndex" tests="2" failures="0" timestamp="7 May 2022 08:21:43 GMT" time="66.851" errors="0">
  <testcase name="EmailExist" time="34.514" classname="com.index.SignUpIndex"/>
  <testcase name="InvalidEmail" time="32.337" classname="com.index.SignUpIndex"/>
</testsuite> <!-- com.index.SignUpIndex -->
