<?xml version="1.0" encoding="UTF-8"?>
<!-- Generated by org.testng.reporters.JUnitReportReporter -->
<testsuite hostname="DESKTOP-GKA213I" name="com.index.SignUpIndex" tests="3" failures="0" timestamp="6 May 2022 12:33:29 GMT" time="142.319" errors="0">
  <testcase name="EmailExist" time="38.479" classname="com.index.SignUpIndex"/>
  <testcase name="SucessfullySignUp" time="73.629" classname="com.index.SignUpIndex"/>
  <testcase name="InvalidEmail" time="30.211" classname="com.index.SignUpIndex"/>
</testsuite> <!-- com.index.SignUpIndex -->
