<?xml version="1.0" encoding="UTF-8"?>
<!-- Generated by org.testng.reporters.JUnitReportReporter -->
<testsuite skipped="0" hostname="DESKTOP-GKA213I" name="com.index.SignUpIndex" tests="3" failures="0" timestamp="06 May 2022 06:11:07 GMT" time="121.771" errors="0">
  <testcase name="SucessfullySignUp" time="68.695" classname="com.index.SignUpIndex"/>
  <testcase name="InvalidEmail" time="25.750" classname="com.index.SignUpIndex"/>
  <testcase name="EmailExist" time="27.326" classname="com.index.SignUpIndex"/>
</testsuite> <!-- com.index.SignUpIndex -->
