<?xml version="1.0" encoding="UTF-8"?>
<!-- Generated by org.testng.reporters.JUnitReportReporter -->
<testsuite hostname="DESKTOP-GKA213I" name="com.index.SignUpIndex" tests="3" failures="0" timestamp="7 May 2022 05:27:28 GMT" time="225.722" errors="0">
  <testcase name="InvalidEmail" time="61.237" classname="com.index.SignUpIndex"/>
  <testcase name="SucessfullySignUp" time="84.926" classname="com.index.SignUpIndex"/>
  <testcase name="EmailExist" time="79.559" classname="com.index.SignUpIndex"/>
</testsuite> <!-- com.index.SignUpIndex -->
