<?xml version="1.0" encoding="UTF-8"?>
<!-- Generated by org.testng.reporters.JUnitReportReporter -->
<testsuite hostname="DESKTOP-GKA213I" name="com.index.SignUpIndex" tests="3" failures="0" timestamp="7 May 2022 06:20:22 GMT" time="254.983" errors="0">
  <testcase name="EmailExist" time="48.993" classname="com.index.SignUpIndex"/>
  <testcase name="InvalidEmail" time="84.295" classname="com.index.SignUpIndex"/>
  <testcase name="SucessfullySignUp" time="121.695" classname="com.index.SignUpIndex"/>
</testsuite> <!-- com.index.SignUpIndex -->
