<?xml version="1.0" encoding="UTF-8"?>
<!-- Generated by org.testng.reporters.JUnitReportReporter -->
<testsuite hostname="DESKTOP-GKA213I" name="com.index.SignUpIndex" tests="3" failures="0" timestamp="6 May 2022 11:04:20 GMT" time="122.283" errors="0">
  <testcase name="EmailExist" time="23.993" classname="com.index.SignUpIndex"/>
  <testcase name="SucessfullySignUp" time="70.237" classname="com.index.SignUpIndex"/>
  <testcase name="InvalidEmail" time="28.053" classname="com.index.SignUpIndex"/>
</testsuite> <!-- com.index.SignUpIndex -->
